#
# There is insufficient memory for the Java Runtime Environment to continue.
# Native memory allocation (malloc) failed to allocate 2031936 bytes for Chunk::new
# Possible reasons:
#   The system is out of physical RAM or swap space
#   The process is running with CompressedOops enabled, and the Java Heap may be blocking the growth of the native heap
# Possible solutions:
#   Reduce memory load on the system
#   Increase physical memory or swap space
#   Check if swap backing store is full
#   Decrease Java heap size (-Xmx/-Xms)
#   Decrease number of Java threads
#   Decrease Java thread stack sizes (-Xss)
#   Set larger code cache with -XX:ReservedCodeCacheSize=
#   JVM is running with Unscaled Compressed Oops mode in which the Java heap is
#     placed in the first 4GB address space. The Java Heap base address is the
#     maximum limit for the native heap growth. Please use -XX:HeapBaseMinAddress
#     to set the Java Heap base and to place the Java Heap above 4GB virtual address.
# This output file may be truncated or incomplete.
#
#  Out of Memory Error (allocation.cpp:389), pid=7680, tid=0x00000000000075f4
#
# JRE version: OpenJDK Runtime Environment (8.0_242-b01) (build 1.8.0_242-release-1644-b01)
# Java VM: OpenJDK 64-Bit Server VM (25.242-b01 mixed mode windows-amd64 compressed oops)
# Failed to write core dump. Minidumps are not enabled by default on client versions of Windows
#

---------------  T H R E A D  ---------------

Current thread (0x00000000190f9000):  JavaThread "C2 CompilerThread0" daemon [_thread_in_native, id=30196, stack(0x00000000198c0000,0x00000000199c0000)]

Stack: [0x00000000198c0000,0x00000000199c0000]
[error occurred during error reporting (printing stack bounds), id 0xc0000005]

Native frames: (J=compiled Java code, j=interpreted, Vv=VM code, C=native code)


Current CompileTask:
C2:  28215 11774 %     4       com.android.tools.r8.ir.regalloc.LinearScanRegisterAllocator::a @ 2151 (3993 bytes)


---------------  P R O C E S S  ---------------

Java Threads: ( => current thread )
  0x0000000021e4d000 JavaThread "WorkerExecutor Queue Thread 8" [_thread_blocked, id=9844, stack(0x000000002a0b0000,0x000000002a1b0000)]
  0x000000002053a800 JavaThread "WorkerExecutor Queue Thread 7" [_thread_blocked, id=36000, stack(0x0000000029fb0000,0x000000002a0b0000)]
  0x0000000020530000 JavaThread "stdout" [_thread_in_native, id=36744, stack(0x00000000294b0000,0x00000000295b0000)]
  0x0000000020536800 JavaThread "stderr" [_thread_in_native, id=35852, stack(0x00000000293b0000,0x00000000294b0000)]
  0x000000002052f000 JavaThread "stdout" [_thread_in_native, id=21296, stack(0x00000000292b0000,0x00000000293b0000)]
  0x0000000020535000 JavaThread "stderr" [_thread_in_native, id=5004, stack(0x00000000291b0000,0x00000000292b0000)]
  0x0000000020536000 JavaThread "WorkerExecutor Queue Thread 6" [_thread_blocked, id=10804, stack(0x00000000290b0000,0x00000000291b0000)]
  0x000000002052d800 JavaThread "WorkerExecutor Queue Thread 5" [_thread_blocked, id=29520, stack(0x0000000028fb0000,0x00000000290b0000)]
  0x0000000020534800 JavaThread "WorkerExecutor Queue Thread 4" [_thread_blocked, id=36648, stack(0x0000000028eb0000,0x0000000028fb0000)]
  0x0000000020533800 JavaThread "WorkerExecutor Queue Thread 3" [_thread_blocked, id=29548, stack(0x0000000028db0000,0x0000000028eb0000)]
  0x000000002052d000 JavaThread "WorkerExecutor Queue Thread 2" [_thread_blocked, id=13580, stack(0x0000000028cb0000,0x0000000028db0000)]
  0x0000000020533000 JavaThread "WorkerExecutor Queue" [_thread_blocked, id=36080, stack(0x0000000028bb0000,0x0000000028cb0000)]
  0x000000002052b800 JavaThread "stdout" [_thread_in_native, id=13220, stack(0x00000000288b0000,0x00000000289b0000)]
  0x000000002052c000 JavaThread "stderr" [_thread_in_native, id=10096, stack(0x00000000287b0000,0x00000000288b0000)]
  0x000000002052e800 JavaThread "stdout" [_thread_in_native, id=35696, stack(0x00000000286b0000,0x00000000287b0000)]
  0x0000000021e53000 JavaThread "stderr" [_thread_in_native, id=31924, stack(0x00000000275e0000,0x00000000276e0000)]
  0x0000000021e52000 JavaThread "stdout" [_thread_in_native, id=12720, stack(0x00000000274e0000,0x00000000275e0000)]
  0x0000000021e51800 JavaThread "stderr" [_thread_in_native, id=33116, stack(0x00000000273e0000,0x00000000274e0000)]
  0x0000000021e50800 JavaThread "stdout" [_thread_in_native, id=1448, stack(0x00000000272e0000,0x00000000273e0000)]
  0x0000000021e49000 JavaThread "stderr" [_thread_in_native, id=22752, stack(0x00000000271e0000,0x00000000272e0000)]
  0x0000000021e50000 JavaThread "stdout" [_thread_in_native, id=10620, stack(0x00000000270e0000,0x00000000271e0000)]
  0x0000000021e4f000 JavaThread "stderr" [_thread_in_native, id=2436, stack(0x0000000026fe0000,0x00000000270e0000)]
  0x0000000021e4e800 JavaThread "pool-15-thread-1" [_thread_blocked, id=34328, stack(0x0000000026de0000,0x0000000026ee0000)]
  0x0000000021e4c000 JavaThread "Cache worker for execution history cache (D:\andriod\project\StoreManagement\.gradle\5.6.4\executionHistory)" [_thread_blocked, id=29864, stack(0x0000000026ce0000,0x0000000026de0000)]
  0x0000000021e46000 JavaThread "Execution worker for ':' Thread 7" [_thread_blocked, id=26888, stack(0x00000000267e0000,0x00000000268e0000)]
  0x0000000021e4a800 JavaThread "Execution worker for ':' Thread 6" [_thread_blocked, id=28576, stack(0x00000000266e0000,0x00000000267e0000)]
  0x0000000021e44800 JavaThread "Execution worker for ':' Thread 5" [_thread_blocked, id=28136, stack(0x00000000265e0000,0x00000000266e0000)]
  0x0000000021e45000 JavaThread "Execution worker for ':' Thread 4" [_thread_blocked, id=30240, stack(0x00000000264e0000,0x00000000265e0000)]
  0x0000000021e47800 JavaThread "Execution worker for ':' Thread 3" [_thread_blocked, id=27184, stack(0x00000000263e0000,0x00000000264e0000)]
  0x0000000021e49800 JavaThread "Execution worker for ':' Thread 2" [_thread_blocked, id=31444, stack(0x0000000025230000,0x0000000025330000)]
  0x000000001dc17800 JavaThread "Execution worker for ':'" [_thread_blocked, id=16596, stack(0x0000000025130000,0x0000000025230000)]
  0x000000001dc15000 JavaThread "Cache worker for file content cache (D:\andriod\project\StoreManagement\.gradle\5.6.4\fileContent)" [_thread_blocked, id=14804, stack(0x0000000024950000,0x0000000024a50000)]
  0x000000001dc12000 JavaThread "Cache worker for file content cache (C:\Users\14717\.gradle\caches\5.6.4\fileContent)" [_thread_blocked, id=4256, stack(0x0000000024850000,0x0000000024950000)]
  0x000000001dc11800 JavaThread "Memory manager" [_thread_blocked, id=27348, stack(0x0000000024b30000,0x0000000024c30000)]
  0x000000001dc13800 JavaThread "Cache worker for Build Output Cleanup Cache (D:\andriod\project\StoreManagement\.gradle\buildOutputCleanup)" [_thread_blocked, id=36460, stack(0x0000000023d50000,0x0000000023e50000)]
  0x000000001dc16000 JavaThread "pool-1-thread-1" [_thread_blocked, id=28964, stack(0x0000000023a50000,0x0000000023b50000)]
  0x000000001dc16800 JavaThread "Build operations Thread 8" [_thread_blocked, id=33456, stack(0x0000000023550000,0x0000000023650000)]
  0x000000001dc14800 JavaThread "Build operations Thread 7" [_thread_blocked, id=31508, stack(0x0000000023450000,0x0000000023550000)]
  0x000000001dc08000 JavaThread "Build operations Thread 6" [_thread_blocked, id=31300, stack(0x0000000023350000,0x0000000023450000)]
  0x000000001dc0e000 JavaThread "Build operations Thread 5" [_thread_blocked, id=18384, stack(0x0000000023250000,0x0000000023350000)]
  0x000000001dc0f000 JavaThread "Build operations Thread 4" [_thread_blocked, id=12320, stack(0x0000000022de0000,0x0000000022ee0000)]
  0x000000001dc0d800 JavaThread "Build operations Thread 3" [_thread_blocked, id=36168, stack(0x0000000022ce0000,0x0000000022de0000)]
  0x000000001dc0c800 JavaThread "Build operations Thread 2" [_thread_blocked, id=12816, stack(0x0000000022be0000,0x0000000022ce0000)]
  0x000000001dc0c000 JavaThread "Build operations" [_thread_blocked, id=34632, stack(0x0000000022ae0000,0x0000000022be0000)]
  0x000000001dc09000 JavaThread "Cache worker for execution history cache (C:\Users\14717\.gradle\caches\5.6.4\executionHistory)" [_thread_blocked, id=30732, stack(0x0000000022f50000,0x0000000023050000)]
  0x000000001dc09800 JavaThread "Cache worker for cache directory md-rule (C:\Users\14717\.gradle\caches\5.6.4\md-rule)" [_thread_blocked, id=12760, stack(0x00000000229e0000,0x0000000022ae0000)]
  0x000000001dc0a800 JavaThread "Cache worker for cache directory md-supplier (C:\Users\14717\.gradle\caches\5.6.4\md-supplier)" [_thread_blocked, id=36476, stack(0x0000000021300000,0x0000000021400000)]
  0x0000000019163000 JavaThread "Cache worker for file hash cache (D:\andriod\project\StoreManagement\.gradle\5.6.4\fileHashes)" [_thread_blocked, id=30360, stack(0x0000000021000000,0x0000000021100000)]
  0x000000001915f800 JavaThread "Cache worker for journal cache (C:\Users\14717\.gradle\caches\journal-1)" [_thread_blocked, id=19588, stack(0x000000001d930000,0x000000001da30000)]
  0x0000000019162800 JavaThread "File lock request listener" [_thread_in_native, id=36820, stack(0x000000001d830000,0x000000001d930000)]
  0x0000000019166000 JavaThread "Cache worker for file hash cache (C:\Users\14717\.gradle\caches\5.6.4\fileHashes)" [_thread_blocked, id=24036, stack(0x000000001d730000,0x000000001d830000)]
  0x0000000019f72000 JavaThread "Thread-9" [_thread_blocked, id=21976, stack(0x000000001d430000,0x000000001d530000)]
  0x0000000019f6f000 JavaThread "Stdin handler" [_thread_blocked, id=36336, stack(0x000000001d330000,0x000000001d430000)]
  0x0000000019473800 JavaThread "Asynchronous log dispatcher for DefaultDaemonConnection: socket connection from /127.0.0.1:65343 to /127.0.0.1:65344" [_thread_blocked, id=33944, stack(0x000000001d230000,0x000000001d330000)]
  0x0000000019f38800 JavaThread "Daemon worker" [_thread_blocked, id=36568, stack(0x000000001d130000,0x000000001d230000)]
  0x000000001ba0d800 JavaThread "Cancel handler" [_thread_blocked, id=24760, stack(0x000000001d030000,0x000000001d130000)]
  0x000000001b9e4000 JavaThread "Handler for socket connection from /127.0.0.1:65343 to /127.0.0.1:65344" [_thread_in_native, id=6672, stack(0x000000001cd30000,0x000000001ce30000)]
  0x000000001ba10000 JavaThread "Daemon" [_thread_blocked, id=17204, stack(0x000000001cc30000,0x000000001cd30000)]
  0x000000001b9b5800 JavaThread "Daemon periodic checks" [_thread_blocked, id=12684, stack(0x000000001cb30000,0x000000001cc30000)]
  0x000000001b994800 JavaThread "Incoming local TCP Connector on port 65343" [_thread_in_native, id=33588, stack(0x000000001c980000,0x000000001ca80000)]
  0x000000001b923800 JavaThread "Daemon health stats" [_thread_blocked, id=35740, stack(0x000000001c660000,0x000000001c760000)]
  0x000000001919f000 JavaThread "Service Thread" daemon [_thread_blocked, id=31592, stack(0x0000000019cc0000,0x0000000019dc0000)]
  0x0000000019161800 JavaThread "C1 CompilerThread3" daemon [_thread_blocked, id=28976, stack(0x0000000019bc0000,0x0000000019cc0000)]
  0x0000000019157800 JavaThread "C2 CompilerThread2" daemon [_thread_blocked, id=36200, stack(0x0000000019ac0000,0x0000000019bc0000)]
  0x0000000019154800 JavaThread "C2 CompilerThread1" daemon [_thread_blocked, id=23368, stack(0x00000000199c0000,0x0000000019ac0000)]
=>0x00000000190f9000 JavaThread "C2 CompilerThread0" daemon [_thread_in_native, id=30196, stack(0x00000000198c0000,0x00000000199c0000)]
  0x00000000190f8000 JavaThread "Attach Listener" daemon [_thread_blocked, id=18456, stack(0x00000000197c0000,0x00000000198c0000)]
  0x0000000019150000 JavaThread "Signal Dispatcher" daemon [_thread_blocked, id=29284, stack(0x00000000196c0000,0x00000000197c0000)]
  0x00000000172e2000 JavaThread "Finalizer" daemon [_thread_blocked, id=1724, stack(0x00000000195c0000,0x00000000196c0000)]
  0x0000000003497800 JavaThread "Reference Handler" daemon [_thread_blocked, id=1748, stack(0x00000000194c0000,0x00000000195c0000)]
  0x000000000351e800 JavaThread "main" [_thread_blocked, id=21244, stack(0x0000000002f50000,0x0000000003050000)]

Other Threads:
  0x00000000172d6000 VMThread [stack: 0x0000000018fc0000,0x00000000190c0000] [id=3328]
  0x000000001919f800 WatcherThread [stack: 0x0000000019dc0000,0x0000000019ec0000] [id=18840]

VM state:not at safepoint (normal execution)

VM Mutex/Monitor currently owned by a thread: None

heap address: 0x00000000a0000000, size: 1536 MB, Compressed Oops mode: 32-bit
Narrow klass base: 0x0000000000000000, Narrow klass shift: 3
Compressed class space size: 1073741824 Address: 0x0000000100000000

Heap:
 PSYoungGen      total 243200K, used 78759K [0x00000000e0000000, 0x00000000f2880000, 0x0000000100000000)
  eden space 218624K, 33% used [0x00000000e0000000,0x00000000e46dce30,0x00000000ed580000)
  from space 24576K, 25% used [0x00000000ed580000,0x00000000edb8cfd8,0x00000000eed80000)
  to   space 24576K, 0% used [0x00000000f1080000,0x00000000f1080000,0x00000000f2880000)
 ParOldGen       total 168448K, used 50859K [0x00000000a0000000, 0x00000000aa480000, 0x00000000e0000000)
  object space 168448K, 30% used [0x00000000a0000000,0x00000000a31aae48,0x00000000aa480000)
 Metaspace       used 74666K, capacity 79095K, committed 79104K, reserved 1118208K
  class space    used 10206K, capacity 11007K, committed 11008K, reserved 1048576K

Card table byte_map: [0x00000000128e0000,0x0000000012bf0000] byte_map_base: 0x00000000123e0000

Marking Bits: (ParMarkBitMap*) 0x000000006236f030
 Begin Bits: [0x00000000135f0000, 0x0000000014df0000)
 End Bits:   [0x0000000014df0000, 0x00000000165f0000)

Polling page: 0x0000000001740000

CodeCache: size=245760Kb used=35505Kb max_used=35546Kb free=210254Kb
 bounds [0x0000000003520000, 0x0000000005810000, 0x0000000012520000]
 total_blobs=11425 nmethods=10590 adapters=745
 compilation: enabled

Compilation events (10 events):
Event: 26.534 Thread 0x0000000019157800 nmethod 11630 0x0000000003d9bd10 code [0x0000000003d9be40, 0x0000000003d9bef8]
Event: 26.534 Thread 0x0000000019157800 11154       4       java.util.HashMap$EntrySet::iterator (12 bytes)
Event: 26.539 Thread 0x0000000019157800 nmethod 11154 0x00000000057bf2d0 code [0x00000000057bf420, 0x00000000057bf6d8]
Event: 26.539 Thread 0x0000000019157800 12145       4       java.util.ArrayList::<init> (67 bytes)
Event: 26.541 Thread 0x0000000019157800 nmethod 12145 0x00000000057bee90 code [0x00000000057befe0, 0x00000000057bf198]
Event: 26.541 Thread 0x0000000019157800 11695 %     4       com.android.tools.r8.u.b.M0::a @ 230 (345 bytes)
Event: 27.141 Thread 0x0000000019157800 nmethod 11695% 0x00000000057d2750 code [0x00000000057d2da0, 0x00000000057d89d8]
Event: 27.141 Thread 0x0000000019157800 11343       4       java.lang.Integer::<init> (10 bytes)
Event: 27.142 Thread 0x0000000019157800 nmethod 11343 0x000000000485ced0 code [0x000000000485d000, 0x000000000485d058]
Event: 27.465 Thread 0x0000000019154800 nmethod 12144% 0x00000000057ec990 code [0x00000000057ed6c0, 0x00000000057f6a28]

GC Heap History (10 events):
Event: 17.642 GC heap before
{Heap before GC invocations=12 (full 2):
 PSYoungGen      total 163328K, used 130845K [0x00000000e0000000, 0x00000000edd80000, 0x0000000100000000)
  eden space 151040K, 78% used [0x00000000e0000000,0x00000000e73cd7e8,0x00000000e9380000)
  from space 12288K, 99% used [0x00000000e9380000,0x00000000e9f79fd8,0x00000000e9f80000)
  to   space 15872K, 0% used [0x00000000ece00000,0x00000000ece00000,0x00000000edd80000)
 ParOldGen       total 105984K, used 22244K [0x00000000a0000000, 0x00000000a6780000, 0x00000000e0000000)
  object space 105984K, 20% used [0x00000000a0000000,0x00000000a15b90a8,0x00000000a6780000)
 Metaspace       used 57118K, capacity 59051K, committed 59096K, reserved 1099776K
  class space    used 7879K, capacity 8320K, committed 8320K, reserved 1048576K
Event: 17.662 GC heap after
Heap after GC invocations=12 (full 2):
 PSYoungGen      total 206336K, used 15869K [0x00000000e0000000, 0x00000000ee500000, 0x0000000100000000)
  eden space 190464K, 0% used [0x00000000e0000000,0x00000000e0000000,0x00000000eba00000)
  from space 15872K, 99% used [0x00000000ece00000,0x00000000edd7f7e0,0x00000000edd80000)
  to   space 20480K, 0% used [0x00000000eba00000,0x00000000eba00000,0x00000000ece00000)
 ParOldGen       total 105984K, used 30238K [0x00000000a0000000, 0x00000000a6780000, 0x00000000e0000000)
  object space 105984K, 28% used [0x00000000a0000000,0x00000000a1d87b48,0x00000000a6780000)
 Metaspace       used 57118K, capacity 59051K, committed 59096K, reserved 1099776K
  class space    used 7879K, capacity 8320K, committed 8320K, reserved 1048576K
}
Event: 17.662 GC heap before
{Heap before GC invocations=13 (full 3):
 PSYoungGen      total 206336K, used 15869K [0x00000000e0000000, 0x00000000ee500000, 0x0000000100000000)
  eden space 190464K, 0% used [0x00000000e0000000,0x00000000e0000000,0x00000000eba00000)
  from space 15872K, 99% used [0x00000000ece00000,0x00000000edd7f7e0,0x00000000edd80000)
  to   space 20480K, 0% used [0x00000000eba00000,0x00000000eba00000,0x00000000ece00000)
 ParOldGen       total 105984K, used 30238K [0x00000000a0000000, 0x00000000a6780000, 0x00000000e0000000)
  object space 105984K, 28% used [0x00000000a0000000,0x00000000a1d87b48,0x00000000a6780000)
 Metaspace       used 57118K, capacity 59051K, committed 59096K, reserved 1099776K
  class space    used 7879K, capacity 8320K, committed 8320K, reserved 1048576K
Event: 17.914 GC heap after
Heap after GC invocations=13 (full 3):
 PSYoungGen      total 206336K, used 0K [0x00000000e0000000, 0x00000000ee500000, 0x0000000100000000)
  eden space 190464K, 0% used [0x00000000e0000000,0x00000000e0000000,0x00000000eba00000)
  from space 15872K, 0% used [0x00000000ece00000,0x00000000ece00000,0x00000000edd80000)
  to   space 20480K, 0% used [0x00000000eba00000,0x00000000eba00000,0x00000000ece00000)
 ParOldGen       total 168448K, used 36895K [0x00000000a0000000, 0x00000000aa480000, 0x00000000e0000000)
  object space 168448K, 21% used [0x00000000a0000000,0x00000000a2407de8,0x00000000aa480000)
 Metaspace       used 57097K, capacity 58979K, committed 59096K, reserved 1099776K
  class space    used 7873K, capacity 8308K, committed 8320K, reserved 1048576K
}
Event: 21.448 GC heap before
{Heap before GC invocations=14 (full 3):
 PSYoungGen      total 206336K, used 190464K [0x00000000e0000000, 0x00000000ee500000, 0x0000000100000000)
  eden space 190464K, 100% used [0x00000000e0000000,0x00000000eba00000,0x00000000eba00000)
  from space 15872K, 0% used [0x00000000ece00000,0x00000000ece00000,0x00000000edd80000)
  to   space 20480K, 0% used [0x00000000eba00000,0x00000000eba00000,0x00000000ece00000)
 ParOldGen       total 168448K, used 36895K [0x00000000a0000000, 0x00000000aa480000, 0x00000000e0000000)
  object space 168448K, 21% used [0x00000000a0000000,0x00000000a2407de8,0x00000000aa480000)
 Metaspace       used 61461K, capacity 64247K, committed 64384K, reserved 1103872K
  class space    used 8416K, capacity 8981K, committed 9088K, reserved 1048576K
Event: 21.463 GC heap after
Heap after GC invocations=14 (full 3):
 PSYoungGen      total 210944K, used 15470K [0x00000000e0000000, 0x00000000f0280000, 0x0000000100000000)
  eden space 190464K, 0% used [0x00000000e0000000,0x00000000e0000000,0x00000000eba00000)
  from space 20480K, 75% used [0x00000000eba00000,0x00000000ec91b890,0x00000000ece00000)
  to   space 21504K, 0% used [0x00000000eed80000,0x00000000eed80000,0x00000000f0280000)
 ParOldGen       total 168448K, used 36903K [0x00000000a0000000, 0x00000000aa480000, 0x00000000e0000000)
  object space 168448K, 21% used [0x00000000a0000000,0x00000000a2409de8,0x00000000aa480000)
 Metaspace       used 61461K, capacity 64247K, committed 64384K, reserved 1103872K
  class space    used 8416K, capacity 8981K, committed 9088K, reserved 1048576K
}
Event: 24.233 GC heap before
{Heap before GC invocations=15 (full 3):
 PSYoungGen      total 210944K, used 205934K [0x00000000e0000000, 0x00000000f0280000, 0x0000000100000000)
  eden space 190464K, 100% used [0x00000000e0000000,0x00000000eba00000,0x00000000eba00000)
  from space 20480K, 75% used [0x00000000eba00000,0x00000000ec91b890,0x00000000ece00000)
  to   space 21504K, 0% used [0x00000000eed80000,0x00000000eed80000,0x00000000f0280000)
 ParOldGen       total 168448K, used 36903K [0x00000000a0000000, 0x00000000aa480000, 0x00000000e0000000)
  object space 168448K, 21% used [0x00000000a0000000,0x00000000a2409de8,0x00000000aa480000)
 Metaspace       used 70512K, capacity 74601K, committed 74880K, reserved 1114112K
  class space    used 9780K, capacity 10566K, committed 10624K, reserved 1048576K
Event: 24.254 GC heap after
Heap after GC invocations=15 (full 3):
 PSYoungGen      total 240128K, used 21490K [0x00000000e0000000, 0x00000000f0780000, 0x0000000100000000)
  eden space 218624K, 0% used [0x00000000e0000000,0x00000000e0000000,0x00000000ed580000)
  from space 21504K, 99% used [0x00000000eed80000,0x00000000f027caf0,0x00000000f0280000)
  to   space 24576K, 0% used [0x00000000ed580000,0x00000000ed580000,0x00000000eed80000)
 ParOldGen       total 168448K, used 37822K [0x00000000a0000000, 0x00000000aa480000, 0x00000000e0000000)
  object space 168448K, 22% used [0x00000000a0000000,0x00000000a24ef9e0,0x00000000aa480000)
 Metaspace       used 70512K, capacity 74601K, committed 74880K, reserved 1114112K
  class space    used 9780K, capacity 10566K, committed 10624K, reserved 1048576K
}
Event: 25.855 GC heap before
{Heap before GC invocations=16 (full 3):
 PSYoungGen      total 240128K, used 240114K [0x00000000e0000000, 0x00000000f0780000, 0x0000000100000000)
  eden space 218624K, 100% used [0x00000000e0000000,0x00000000ed580000,0x00000000ed580000)
  from space 21504K, 99% used [0x00000000eed80000,0x00000000f027caf0,0x00000000f0280000)
  to   space 24576K, 0% used [0x00000000ed580000,0x00000000ed580000,0x00000000eed80000)
 ParOldGen       total 168448K, used 37822K [0x00000000a0000000, 0x00000000aa480000, 0x00000000e0000000)
  object space 168448K, 22% used [0x00000000a0000000,0x00000000a24ef9e0,0x00000000aa480000)
 Metaspace       used 74494K, capacity 78951K, committed 79104K, reserved 1118208K
  class space    used 10206K, capacity 11007K, committed 11008K, reserved 1048576K
Event: 25.873 GC heap after
Heap after GC invocations=16 (full 3):
 PSYoungGen      total 243200K, used 6195K [0x00000000e0000000, 0x00000000f2880000, 0x0000000100000000)
  eden space 218624K, 0% used [0x00000000e0000000,0x00000000e0000000,0x00000000ed580000)
  from space 24576K, 25% used [0x00000000ed580000,0x00000000edb8cfd8,0x00000000eed80000)
  to   space 24576K, 0% used [0x00000000f1080000,0x00000000f1080000,0x00000000f2880000)
 ParOldGen       total 168448K, used 50859K [0x00000000a0000000, 0x00000000aa480000, 0x00000000e0000000)
  object space 168448K, 30% used [0x00000000a0000000,0x00000000a31aae48,0x00000000aa480000)
 Metaspace       used 74494K, capacity 78951K, committed 79104K, reserved 1118208K
  class space    used 10206K, capacity 11007K, committed 11008K, reserved 1048576K
}

Deoptimization events (10 events):
Event: 24.990 Thread 0x0000000019f38800 Uncommon trap: reason=array_check action=maybe_recompile pc=0x00000000053ac234 method=java.util.TimSort.reverseRange([Ljava/lang/Object;II)V @ 20
Event: 24.991 Thread 0x0000000019f38800 Uncommon trap: reason=array_check action=maybe_recompile pc=0x00000000053abc50 method=java.util.TimSort.reverseRange([Ljava/lang/Object;II)V @ 20
Event: 24.991 Thread 0x0000000019f38800 Uncommon trap: reason=unstable_if action=reinterpret pc=0x0000000004dd9e38 method=java.io.ObjectOutputStream$BlockDataOutputStream.writeBytes(Ljava/lang/String;)V @ 22
Event: 24.993 Thread 0x0000000019f38800 Uncommon trap: reason=array_check action=maybe_recompile pc=0x00000000053abc50 method=java.util.TimSort.reverseRange([Ljava/lang/Object;II)V @ 20
Event: 24.995 Thread 0x0000000019f38800 Uncommon trap: reason=array_check action=maybe_recompile pc=0x00000000053abc50 method=java.util.TimSort.reverseRange([Ljava/lang/Object;II)V @ 20
Event: 25.034 Thread 0x0000000021e4a800 Uncommon trap: reason=unstable_if action=reinterpret pc=0x0000000004d792b0 method=com.android.tools.r8.v.a.a.a.f.c0.a(ILjava/lang/Object;)Ljava/lang/Object; @ 136
Event: 25.046 Thread 0x000000002053a800 Uncommon trap: reason=unstable_if action=reinterpret pc=0x00000000041382d8 method=sun.nio.fs.WindowsPathParser.parse(Ljava/lang/String;Z)Lsun/nio/fs/WindowsPathParser$Result; @ 234
Event: 25.123 Thread 0x0000000021e4a800 Uncommon trap: reason=unstable_if action=reinterpret pc=0x0000000004d8c150 method=com.android.tools.r8.ir.regalloc.a.compareTo(Ljava/lang/Object;)I @ 52
Event: 26.394 Thread 0x0000000021e4a800 Uncommon trap: reason=array_check action=maybe_recompile pc=0x00000000056b0640 method=java.util.TimSort.reverseRange([Ljava/lang/Object;II)V @ 27
Event: 26.394 Thread 0x0000000021e4a800 Uncommon trap: reason=array_check action=maybe_recompile pc=0x00000000056b0640 method=java.util.TimSort.reverseRange([Ljava/lang/Object;II)V @ 27

Classes redefined (0 events):
No events

Internal exceptions (10 events):
Event: 24.447 Thread 0x0000000021e46000 Exception <a 'sun/nio/fs/WindowsException'> (0x00000000e27f2d48) thrown at [C:\src\AOSP-openjdk-git\hotspot\src\share\vm\prims\jni.cpp, line 710]
Event: 24.504 Thread 0x0000000021e44800 Exception <a 'sun/nio/fs/WindowsException'> (0x00000000e31e1898) thrown at [C:\src\AOSP-openjdk-git\hotspot\src\share\vm\prims\jni.cpp, line 710]
Event: 24.896 Thread 0x0000000021e4a800 Implicit null exception at 0x000000000532c068 to 0x0000000005331f19
Event: 24.990 Thread 0x0000000019f38800 Exception <a 'java/lang/NoSuchMethodError': <clinit>> (0x00000000e6ed4a68) thrown at [C:\src\AOSP-openjdk-git\hotspot\src\share\vm\prims\jni.cpp, line 1615]
Event: 24.993 Thread 0x0000000019f38800 Exception <a 'java/lang/NoSuchMethodError': <clinit>> (0x00000000e6ef5ac8) thrown at [C:\src\AOSP-openjdk-git\hotspot\src\share\vm\prims\jni.cpp, line 1615]
Event: 24.995 Thread 0x0000000019f38800 Exception <a 'java/lang/NoSuchMethodError': <clinit>> (0x00000000e6f1f460) thrown at [C:\src\AOSP-openjdk-git\hotspot\src\share\vm\prims\jni.cpp, line 1615]
Event: 25.018 Thread 0x0000000019f38800 Exception <a 'java/lang/NoSuchMethodError': <clinit>> (0x00000000e6fb1e40) thrown at [C:\src\AOSP-openjdk-git\hotspot\src\share\vm\prims\jni.cpp, line 1615]
Event: 25.025 Thread 0x0000000019f38800 Exception <a 'java/lang/NoSuchMethodError': <clinit>> (0x00000000e76789d0) thrown at [C:\src\AOSP-openjdk-git\hotspot\src\share\vm\prims\jni.cpp, line 1615]
Event: 25.374 Thread 0x000000002053a800 Exception <a 'java/lang/NoSuchMethodError': java.lang.Object.lambda$negate$1(Ljava/lang/Object;)Z> (0x00000000ea0e2970) thrown at [C:\src\AOSP-openjdk-git\hotspot\src\share\vm\interpreter\linkResolver.cpp, line 620]
Event: 26.439 Thread 0x0000000021e4a800 Exception <a 'sun/nio/fs/WindowsException'> (0x00000000e446b8c0) thrown at [C:\src\AOSP-openjdk-git\hotspot\src\share\vm\prims\jni.cpp, line 710]

Events (10 events):
Event: 26.394 Thread 0x0000000021e4a800 Uncommon trap: trap_request=0xffffffd6 fr.pc=0x00000000056b0640
Event: 26.394 Thread 0x0000000021e4a800 DEOPT PACKING pc=0x00000000056b0640 sp=0x00000000267db8c0
Event: 26.394 Thread 0x0000000021e4a800 DEOPT UNPACKING pc=0x000000000356557b sp=0x00000000267db7b0 mode 2
Event: 26.394 Thread 0x0000000021e4a800 Uncommon trap: trap_request=0xffffffd6 fr.pc=0x00000000056b0640
Event: 26.394 Thread 0x0000000021e4a800 DEOPT PACKING pc=0x00000000056b0640 sp=0x00000000267db8e0
Event: 26.394 Thread 0x0000000021e4a800 DEOPT UNPACKING pc=0x000000000356557b sp=0x00000000267db7d0 mode 2
Event: 26.449 Thread 0x0000000021e4a800 DEOPT PACKING pc=0x0000000003de60bc sp=0x00000000267dcd30
Event: 26.449 Thread 0x0000000021e4a800 DEOPT UNPACKING pc=0x00000000035675d0 sp=0x00000000267dcb00 mode 0
Event: 26.449 Thread 0x0000000021e4a800 DEOPT PACKING pc=0x000000000408e2f4 sp=0x00000000267dee20
Event: 26.449 Thread 0x0000000021e4a800 DEOPT UNPACKING pc=0x00000000035675d0 sp=0x00000000267dec10 mode 0


Dynamic libraries:
0x00007ff7154c0000 - 0x00007ff7154f1000 	C:\Program Files\Android\Android Studio\jre\bin\java.exe
0x00007ff965580000 - 0x00007ff965770000 	C:\Windows\SYSTEM32\ntdll.dll
0x00007ff963eb0000 - 0x00007ff963f62000 	C:\Windows\System32\KERNEL32.DLL
0x00007ff962bb0000 - 0x00007ff962e54000 	C:\Windows\System32\KERNELBASE.dll
0x00007ff9641d0000 - 0x00007ff964273000 	C:\Windows\System32\ADVAPI32.dll
0x00007ff964fe0000 - 0x00007ff96507e000 	C:\Windows\System32\msvcrt.dll
0x00007ff9653f0000 - 0x00007ff965487000 	C:\Windows\System32\sechost.dll
0x00007ff964c40000 - 0x00007ff964d60000 	C:\Windows\System32\RPCRT4.dll
0x00007ff964dc0000 - 0x00007ff964f54000 	C:\Windows\System32\USER32.dll
0x00007ff962b80000 - 0x00007ff962ba1000 	C:\Windows\System32\win32u.dll
0x00007ff9642e0000 - 0x00007ff964306000 	C:\Windows\System32\GDI32.dll
0x00007ff9626c0000 - 0x00007ff962854000 	C:\Windows\System32\gdi32full.dll
0x00007ff962ae0000 - 0x00007ff962b7e000 	C:\Windows\System32\msvcp_win.dll
0x00007ff9625c0000 - 0x00007ff9626ba000 	C:\Windows\System32\ucrtbase.dll
0x00007ff9537f0000 - 0x00007ff953a74000 	C:\Windows\WinSxS\amd64_microsoft.windows.common-controls_6595b64144ccf1df_6.0.18362.836_none_e6c4b943130f18ed\COMCTL32.dll
0x00007ff965080000 - 0x00007ff9653b6000 	C:\Windows\System32\combase.dll
0x00007ff962510000 - 0x00007ff962590000 	C:\Windows\System32\bcryptPrimitives.dll
0x00007ff9653c0000 - 0x00007ff9653ee000 	C:\Windows\System32\IMM32.DLL
0x0000000061ac0000 - 0x0000000061b92000 	C:\Program Files\Android\Android Studio\jre\jre\bin\msvcr100.dll
0x0000000061ba0000 - 0x00000000623eb000 	C:\Program Files\Android\Android Studio\jre\jre\bin\server\jvm.dll
0x00007ff9637e0000 - 0x00007ff9637e8000 	C:\Windows\System32\PSAPI.DLL
0x00007ff962040000 - 0x00007ff96204a000 	C:\Windows\SYSTEM32\VERSION.dll
0x00007ff958850000 - 0x00007ff958874000 	C:\Windows\SYSTEM32\WINMM.dll
0x00007ff960ef0000 - 0x00007ff960ef9000 	C:\Windows\SYSTEM32\WSOCK32.dll
0x00007ff958600000 - 0x00007ff95862d000 	C:\Windows\SYSTEM32\winmmbase.dll
0x00007ff9635e0000 - 0x00007ff96362a000 	C:\Windows\System32\cfgmgr32.dll
0x00007ff964bd0000 - 0x00007ff964c3f000 	C:\Windows\System32\WS2_32.dll
0x00007ff95ad90000 - 0x00007ff95ad9f000 	C:\Program Files\Android\Android Studio\jre\jre\bin\verify.dll
0x00007ff93dac0000 - 0x00007ff93dae9000 	C:\Program Files\Android\Android Studio\jre\jre\bin\java.dll
0x00007ff9467f0000 - 0x00007ff946806000 	C:\Program Files\Android\Android Studio\jre\jre\bin\zip.dll
0x00007ff9644c0000 - 0x00007ff964ba4000 	C:\Windows\System32\SHELL32.dll
0x00007ff965490000 - 0x00007ff965539000 	C:\Windows\System32\shcore.dll
0x00007ff962e60000 - 0x00007ff9635de000 	C:\Windows\System32\windows.storage.dll
0x00007ff962470000 - 0x00007ff962493000 	C:\Windows\System32\profapi.dll
0x00007ff9624a0000 - 0x00007ff9624ea000 	C:\Windows\System32\powrprof.dll
0x00007ff962440000 - 0x00007ff962450000 	C:\Windows\System32\UMPDC.dll
0x00007ff964280000 - 0x00007ff9642d2000 	C:\Windows\System32\shlwapi.dll
0x00007ff9624f0000 - 0x00007ff962501000 	C:\Windows\System32\kernel.appcore.dll
0x00007ff962a10000 - 0x00007ff962a27000 	C:\Windows\System32\cryptsp.dll
0x00007ff93da10000 - 0x00007ff93da2a000 	C:\Program Files\Android\Android Studio\jre\jre\bin\net.dll
0x00007ff961c40000 - 0x00007ff961ca7000 	C:\Windows\system32\mswsock.dll
0x00007ff931590000 - 0x00007ff9315a3000 	C:\Program Files\Android\Android Studio\jre\jre\bin\nio.dll
0x00007ff92ec90000 - 0x00007ff92ecb6000 	C:\Users\14717\.gradle\native\30\windows-amd64\native-platform.dll
0x00007ff9593d0000 - 0x00007ff9593dd000 	C:\Program Files\Android\Android Studio\jre\jre\bin\management.dll
0x00007ff9617b0000 - 0x00007ff9617e3000 	C:\Windows\system32\rsaenh.dll
0x00007ff962590000 - 0x00007ff9625b6000 	C:\Windows\System32\bcrypt.dll
0x00007ff962330000 - 0x00007ff962355000 	C:\Windows\SYSTEM32\USERENV.dll
0x00007ff961e10000 - 0x00007ff961e1c000 	C:\Windows\SYSTEM32\CRYPTBASE.dll
0x00007ff961950000 - 0x00007ff96198a000 	C:\Windows\SYSTEM32\IPHLPAPI.DLL
0x00007ff963a20000 - 0x00007ff963a28000 	C:\Windows\System32\NSI.dll
0x00007ff959aa0000 - 0x00007ff959ab6000 	C:\Windows\SYSTEM32\dhcpcsvc6.DLL
0x00007ff958960000 - 0x00007ff95897c000 	C:\Windows\SYSTEM32\dhcpcsvc.DLL
0x00007ff961990000 - 0x00007ff961a5b000 	C:\Windows\SYSTEM32\DNSAPI.dll

VM Arguments:
jvm_args: -Xmx1536m -Dfile.encoding=GBK -Duser.country=CN -Duser.language=zh -Duser.variant 
java_command: org.gradle.launcher.daemon.bootstrap.GradleDaemon 5.6.4
java_class_path (initial): C:\Users\14717\.gradle\wrapper\dists\gradle-5.6.4-all\ankdp27end7byghfw1q2sw75f\gradle-5.6.4\lib\gradle-launcher-5.6.4.jar
Launcher Type: SUN_STANDARD

Environment Variables:
JAVA_HOME=D:\jdk
CLASSPATH=.;D:\jdk\lib\dt.jar;D:\jdk\lib\tools.jar
PATH=D:\jre\bin;C:\Program Files (x86)\Common Files\Oracle\Java\javapath;.;D:\jdk\bin;C:\Windows\system32;C:\Windows;C:\Windows\System32\Wbem;C:\Windows\System32\WindowsPowerShell\v1.0\;C:\Windows\System32\OpenSSH\;D:\软件\64位\Git\cmd;C:\Program Files\Microsoft SQL Server\Client SDK\ODBC\130\Tools\Binn\;C:\Program Files (x86)\Microsoft SQL Server\140\Tools\Binn\;C:\Program Files\Microsoft SQL Server\140\Tools\Binn\;C:\Program Files\Microsoft SQL Server\140\DTS\Binn\;C:\Program Files (x86)\Microsoft SQL Server\150\DTS\Binn\;C:\Program Files\dotnet\;C:\Program Files\Microsoft SQL Server\130\Tools\Binn\;C:\Program Files\Microsoft SQL Server\Client SDK\ODBC\170\Tools\Binn\;C:\Android;C:\Windows\System32;D:\gcc\mingw64\bin;C:\Users\14717\AppData\Local\Microsoft\WindowsApps;;D:\vscode\bin
USERNAME=14717
OS=Windows_NT
PROCESSOR_IDENTIFIER=Intel64 Family 6 Model 94 Stepping 3, GenuineIntel



---------------  S Y S T E M  ---------------

OS: Windows 10.0 , 64 bit Build 18362 (10.0.18362.778)

CPU:total 8 (initial active 8) (4 cores per cpu, 2 threads per core) family 6 model 94 stepping 3, cmov, cx8, fxsr, mmx, sse, sse2, sse3, ssse3, sse4.1, sse4.2, popcnt, avx, avx2, aes, clmul, erms, rtm, 3dnowpref, lzcnt, ht, tsc, tscinvbit, bmi1, bmi2, adx

Memory: 4k page, physical 12476212k(1325608k free), swap 27953436k(6176k free)

vm_info: OpenJDK 64-Bit Server VM (25.242-b01) for windows-amd64 JRE (1.8.0_242-release-1644-b01), built by "builder" with MS VC++ 10.0 (VS2010)

time: Tue Jun 30 10:07:51 2020
timezone: 中国标准时间
elapsed time: 28 seconds (0d 0h 0m 28s)

